2021-03-13 00:55:10,589 NanoPlot 1.20.0 started with arguments Namespace(N50=True, alength=False, bam=['/Users/kokyriakidis/Desktop/PGxSnake_Output1/INTEGRATION/minimap2/INTEGRATION.nanopore.sorted.bam'], barcoded=False, color='#4CB391', cram=None, downsample=None, dpi=100, drop_outliers=False, fasta=None, fastq=None, fastq_minimal=None, fastq_rich=None, font_scale=1, format='png', listcolors=False, loglength=False, maxlength=None, minlength=None, minqual=None, no_N50=False, outdir='f/Users/kokyriakidis/Desktop/PGxSnake_Output1/{sample}/qc/nanoplot', percentqual=False, pickle=None, plots=['kde', 'dot'], prefix='f{sample}.bam.nanoplot', raw=False, readtype='1D', runtime_until=None, store=False, summary=None, threads=10, title=None, verbose=False)
2021-03-13 00:55:10,589 Python version is: 3.7.8 | packaged by conda-forge | (default, Nov 17 2020, 23:22:07)  [Clang 10.0.1 ]
2021-03-13 00:55:10,590 Nanoplotter: valid output format png
2021-03-13 00:55:10,984 Nanoget: Starting to collect statistics from bam file /Users/kokyriakidis/Desktop/PGxSnake_Output1/INTEGRATION/minimap2/INTEGRATION.nanopore.sorted.bam.
2021-03-13 00:55:11,012 Nanoget: Bam file /Users/kokyriakidis/Desktop/PGxSnake_Output1/INTEGRATION/minimap2/INTEGRATION.nanopore.sorted.bam contains 36000799 mapped and 1529368 unmapped reads.
2021-03-13 00:55:11,013 Nanoget: lots of contigs (>100), not running in separate processes
2021-03-13 01:02:14,278 Nanoget: bam /Users/kokyriakidis/Desktop/PGxSnake_Output1/INTEGRATION/minimap2/INTEGRATION.nanopore.sorted.bam contains 18537498 primary alignments.
2021-03-13 01:02:20,942 Reduced DataFrame memory usage from 2323.800145149231Mb to 1740.4018659591675Mb
2021-03-13 01:02:38,040 Nanoget: Gathered all metrics of 18537498 reads
2021-03-13 01:02:56,434 Calculated statistics
2021-03-13 01:02:56,437 Using sequenced read lengths for plotting.
2021-03-13 01:02:58,205 Nanoplotter: Valid color #4CB391.
2021-03-13 01:03:00,040 Nanoplotter: Creating length plots for Read length.
2021-03-13 01:03:00,052 Nanoplotter: Using 18537498 reads with read length N50 of 101bp and maximum of 101bp.
2021-03-13 01:03:15,050 Created length plots
2021-03-13 01:03:17,456 Nanoplotter: Creating Read lengths vs Average read quality plots using statistics from 18537498 reads.
2021-03-13 01:03:19,644 'PathCollection' object has no property 'stat_func'
Traceback (most recent call last):
  File "/Users/kokyriakidis/Documents/GitHub/Pharmakon/.snakemake/conda/932b8739217a8323ea765696a2b9b877/lib/python3.7/site-packages/nanoplot/NanoPlot.py", line 92, in main
    plots = make_plots(datadf, settings)
  File "/Users/kokyriakidis/Documents/GitHub/Pharmakon/.snakemake/conda/932b8739217a8323ea765696a2b9b877/lib/python3.7/site-packages/nanoplot/NanoPlot.py", line 329, in make_plots
    plot_settings=plot_settings)
  File "/Users/kokyriakidis/Documents/GitHub/Pharmakon/.snakemake/conda/932b8739217a8323ea765696a2b9b877/lib/python3.7/site-packages/nanoplotter/nanoplotter_main.py", line 156, in scatter
    joint_kws={"s": 1})
  File "/Users/kokyriakidis/Documents/GitHub/Pharmakon/.snakemake/conda/932b8739217a8323ea765696a2b9b877/lib/python3.7/site-packages/seaborn/_decorators.py", line 46, in inner_f
    return f(**kwargs)
  File "/Users/kokyriakidis/Documents/GitHub/Pharmakon/.snakemake/conda/932b8739217a8323ea765696a2b9b877/lib/python3.7/site-packages/seaborn/axisgrid.py", line 2135, in jointplot
    grid.plot_joint(scatterplot, **joint_kws)
  File "/Users/kokyriakidis/Documents/GitHub/Pharmakon/.snakemake/conda/932b8739217a8323ea765696a2b9b877/lib/python3.7/site-packages/seaborn/axisgrid.py", line 1734, in plot_joint
    func(x=self.x, y=self.y, **kwargs)
  File "/Users/kokyriakidis/Documents/GitHub/Pharmakon/.snakemake/conda/932b8739217a8323ea765696a2b9b877/lib/python3.7/site-packages/seaborn/_decorators.py", line 46, in inner_f
    return f(**kwargs)
  File "/Users/kokyriakidis/Documents/GitHub/Pharmakon/.snakemake/conda/932b8739217a8323ea765696a2b9b877/lib/python3.7/site-packages/seaborn/relational.py", line 820, in scatterplot
    p.plot(ax, kwargs)
  File "/Users/kokyriakidis/Documents/GitHub/Pharmakon/.snakemake/conda/932b8739217a8323ea765696a2b9b877/lib/python3.7/site-packages/seaborn/relational.py", line 608, in plot
    scout = ax.scatter(scout_x, scout_y, **kws)
  File "/Users/kokyriakidis/Documents/GitHub/Pharmakon/.snakemake/conda/932b8739217a8323ea765696a2b9b877/lib/python3.7/site-packages/matplotlib/__init__.py", line 1447, in inner
    return func(ax, *map(sanitize_sequence, args), **kwargs)
  File "/Users/kokyriakidis/Documents/GitHub/Pharmakon/.snakemake/conda/932b8739217a8323ea765696a2b9b877/lib/python3.7/site-packages/matplotlib/cbook/deprecation.py", line 411, in wrapper
    return func(*inner_args, **inner_kwargs)
  File "/Users/kokyriakidis/Documents/GitHub/Pharmakon/.snakemake/conda/932b8739217a8323ea765696a2b9b877/lib/python3.7/site-packages/matplotlib/axes/_axes.py", line 4498, in scatter
    collection.update(kwargs)
  File "/Users/kokyriakidis/Documents/GitHub/Pharmakon/.snakemake/conda/932b8739217a8323ea765696a2b9b877/lib/python3.7/site-packages/matplotlib/artist.py", line 996, in update
    raise AttributeError(f"{type(self).__name__!r} object "
AttributeError: 'PathCollection' object has no property 'stat_func'
